{"/Users/Pien/Projects/merit-money-native/app/index.js": {"path":"/Users/Pien/Projects/merit-money-native/app/index.js","statementMap":{"0":{"start":{"line":1,"column":0},"end":{"line":1,"column":57}},"1":{"start":{"line":1,"column":57},"end":{"line":1,"column":83}},"2":{"start":{"line":1,"column":100},"end":{"line":1,"column":592}},"3":{"start":{"line":1,"column":151},"end":{"line":1,"column":393}},"4":{"start":{"line":1,"column":198},"end":{"line":1,"column":206}},"5":{"start":{"line":1,"column":207},"end":{"line":1,"column":258}},"6":{"start":{"line":1,"column":258},"end":{"line":1,"column":287}},"7":{"start":{"line":1,"column":287},"end":{"line":1,"column":336}},"8":{"start":{"line":1,"column":311},"end":{"line":1,"column":336}},"9":{"start":{"line":1,"column":336},"end":{"line":1,"column":392}},"10":{"start":{"line":1,"column":394},"end":{"line":1,"column":589}},"11":{"start":{"line":1,"column":446},"end":{"line":1,"column":511}},"12":{"start":{"line":1,"column":460},"end":{"line":1,"column":511}},"13":{"start":{"line":1,"column":511},"end":{"line":1,"column":568}},"14":{"start":{"line":1,"column":526},"end":{"line":1,"column":568}},"15":{"start":{"line":1,"column":568},"end":{"line":1,"column":587}},"16":{"start":{"line":1,"column":604},"end":{"line":1,"column":620}},"17":{"start":{"line":1,"column":633},"end":{"line":1,"column":663}},"18":{"start":{"line":2,"column":25},"end":{"line":2,"column":57}},"19":{"start":{"line":3,"column":17},"end":{"line":3,"column":40}},"20":{"start":{"line":4,"column":10},"end":{"line":4,"column":25}},"21":{"start":{"line":4,"column":63},"end":{"line":4,"column":108}},"22":{"start":{"line":4,"column":156},"end":{"line":4,"column":253}},"23":{"start":{"line":4,"column":195},"end":{"line":4,"column":252}},"24":{"start":{"line":4,"column":301},"end":{"line":4,"column":398}},"25":{"start":{"line":4,"column":311},"end":{"line":4,"column":397}},"26":{"start":{"line":4,"column":398},"end":{"line":4,"column":472}},"27":{"start":{"line":4,"column":513},"end":{"line":4,"column":666}},"28":{"start":{"line":4,"column":567},"end":{"line":4,"column":665}},"29":{"start":{"line":4,"column":666},"end":{"line":4,"column":813}},"30":{"start":{"line":4,"column":813},"end":{"line":4,"column":922}},"31":{"start":{"line":4,"column":827},"end":{"line":4,"column":922}},"32":{"start":{"line":6,"column":6},"end":{"line":57,"column":37}},"33":{"start":{"line":6,"column":27},"end":{"line":6,"column":55}},"34":{"start":{"line":6,"column":88},"end":{"line":6,"column":92}},"35":{"start":{"line":6,"column":114},"end":{"line":6,"column":142}},"36":{"start":{"line":6,"column":142},"end":{"line":6,"column":242}},"37":{"start":{"line":6,"column":214},"end":{"line":6,"column":241}},"38":{"start":{"line":6,"column":242},"end":{"line":42,"column":132}},"39":{"start":{"line":7,"column":58},"end":{"line":42,"column":84}},"40":{"start":{"line":7,"column":118},"end":{"line":42,"column":60}},"41":{"start":{"line":7,"column":127},"end":{"line":42,"column":59}},"42":{"start":{"line":7,"column":170},"end":{"line":7,"column":186}},"43":{"start":{"line":7,"column":186},"end":{"line":7,"column":202}},"44":{"start":{"line":7,"column":202},"end":{"line":14,"column":30}},"45":{"start":{"line":14,"column":37},"end":{"line":14,"column":57}},"46":{"start":{"line":14,"column":57},"end":{"line":14,"column":73}},"47":{"start":{"line":14,"column":73},"end":{"line":14,"column":89}},"48":{"start":{"line":14,"column":89},"end":{"line":17,"column":5}},"49":{"start":{"line":17,"column":5},"end":{"line":25,"column":15}},"50":{"start":{"line":25,"column":15},"end":{"line":25,"column":21}},"51":{"start":{"line":25,"column":28},"end":{"line":25,"column":87}},"52":{"start":{"line":25,"column":87},"end":{"line":25,"column":122}},"53":{"start":{"line":26,"column":0},"end":{"line":28,"column":24}},"54":{"start":{"line":28,"column":24},"end":{"line":28,"column":59}},"55":{"start":{"line":33,"column":0},"end":{"line":35,"column":17}},"56":{"start":{"line":35,"column":25},"end":{"line":35,"column":42}},"57":{"start":{"line":35,"column":42},"end":{"line":35,"column":48}},"58":{"start":{"line":35,"column":56},"end":{"line":35,"column":73}},"59":{"start":{"line":35,"column":73},"end":{"line":35,"column":106}},"60":{"start":{"line":40,"column":0},"end":{"line":42,"column":17}},"61":{"start":{"line":42,"column":35},"end":{"line":42,"column":58}},"62":{"start":{"line":42,"column":133},"end":{"line":57,"column":5}},"63":{"start":{"line":48,"column":0},"end":{"line":53,"column":36}},"64":{"start":{"line":57,"column":5},"end":{"line":57,"column":18}},"65":{"start":{"line":57,"column":38},"end":{"line":57,"column":60}},"66":{"start":{"line":60,"column":11},"end":{"line":63,"column":12}}},"fnMap":{"0":{"name":"(anonymous_0)","decl":{"start":{"line":1,"column":100},"end":{"line":1,"column":101}},"loc":{"start":{"line":1,"column":110},"end":{"line":1,"column":590}},"line":1},"1":{"name":"defineProperties","decl":{"start":{"line":1,"column":120},"end":{"line":1,"column":136}},"loc":{"start":{"line":1,"column":150},"end":{"line":1,"column":394}},"line":1},"2":{"name":"(anonymous_2)","decl":{"start":{"line":1,"column":401},"end":{"line":1,"column":402}},"loc":{"start":{"line":1,"column":445},"end":{"line":1,"column":588}},"line":1},"3":{"name":"_interopRequireDefault","decl":{"start":{"line":4,"column":35},"end":{"line":4,"column":57}},"loc":{"start":{"line":4,"column":62},"end":{"line":4,"column":109}},"line":4},"4":{"name":"_classCallCheck","decl":{"start":{"line":4,"column":118},"end":{"line":4,"column":133}},"loc":{"start":{"line":4,"column":155},"end":{"line":4,"column":254}},"line":4},"5":{"name":"_possibleConstructorReturn","decl":{"start":{"line":4,"column":263},"end":{"line":4,"column":289}},"loc":{"start":{"line":4,"column":300},"end":{"line":4,"column":473}},"line":4},"6":{"name":"_inherits","decl":{"start":{"line":4,"column":482},"end":{"line":4,"column":491}},"loc":{"start":{"line":4,"column":512},"end":{"line":4,"column":923}},"line":4},"7":{"name":"(anonymous_7)","decl":{"start":{"line":6,"column":6},"end":{"line":6,"column":7}},"loc":{"start":{"line":6,"column":26},"end":{"line":57,"column":19}},"line":6},"8":{"name":"Index","decl":{"start":{"line":6,"column":64},"end":{"line":6,"column":69}},"loc":{"start":{"line":6,"column":71},"end":{"line":42,"column":133}},"line":6},"9":{"name":"_callee","decl":{"start":{"line":7,"column":28},"end":{"line":7,"column":35}},"loc":{"start":{"line":7,"column":37},"end":{"line":42,"column":85}},"line":7},"10":{"name":"_callee$","decl":{"start":{"line":7,"column":99},"end":{"line":7,"column":107}},"loc":{"start":{"line":7,"column":117},"end":{"line":42,"column":61}},"line":7},"11":{"name":"render","decl":{"start":{"line":42,"column":182},"end":{"line":42,"column":188}},"loc":{"start":{"line":47,"column":0},"end":{"line":57,"column":1}},"line":47}},"branchMap":{"0":{"loc":{"start":{"line":1,"column":229},"end":{"line":1,"column":257}},"type":"binary-expr","locations":[{"start":{"line":1,"column":229},"end":{"line":1,"column":250}},{"start":{"line":1,"column":252},"end":{"line":1,"column":257}}],"line":1},"1":{"loc":{"start":{"line":1,"column":287},"end":{"line":1,"column":336}},"type":"if","locations":[{"start":{"line":1,"column":287},"end":{"line":1,"column":336}},{"start":{"line":1,"column":287},"end":{"line":1,"column":336}}],"line":1},"2":{"loc":{"start":{"line":1,"column":446},"end":{"line":1,"column":511}},"type":"if","locations":[{"start":{"line":1,"column":446},"end":{"line":1,"column":511}},{"start":{"line":1,"column":446},"end":{"line":1,"column":511}}],"line":1},"3":{"loc":{"start":{"line":1,"column":511},"end":{"line":1,"column":568}},"type":"if","locations":[{"start":{"line":1,"column":511},"end":{"line":1,"column":568}},{"start":{"line":1,"column":511},"end":{"line":1,"column":568}}],"line":1},"4":{"loc":{"start":{"line":4,"column":70},"end":{"line":4,"column":107}},"type":"cond-expr","locations":[{"start":{"line":4,"column":90},"end":{"line":4,"column":93}},{"start":{"line":4,"column":94},"end":{"line":4,"column":107}}],"line":4},"5":{"loc":{"start":{"line":4,"column":70},"end":{"line":4,"column":89}},"type":"binary-expr","locations":[{"start":{"line":4,"column":70},"end":{"line":4,"column":73}},{"start":{"line":4,"column":75},"end":{"line":4,"column":89}}],"line":4},"6":{"loc":{"start":{"line":4,"column":156},"end":{"line":4,"column":253}},"type":"if","locations":[{"start":{"line":4,"column":156},"end":{"line":4,"column":253}},{"start":{"line":4,"column":156},"end":{"line":4,"column":253}}],"line":4},"7":{"loc":{"start":{"line":4,"column":301},"end":{"line":4,"column":398}},"type":"if","locations":[{"start":{"line":4,"column":301},"end":{"line":4,"column":398}},{"start":{"line":4,"column":301},"end":{"line":4,"column":398}}],"line":4},"8":{"loc":{"start":{"line":4,"column":405},"end":{"line":4,"column":471}},"type":"cond-expr","locations":[{"start":{"line":4,"column":462},"end":{"line":4,"column":466}},{"start":{"line":4,"column":467},"end":{"line":4,"column":471}}],"line":4},"9":{"loc":{"start":{"line":4,"column":405},"end":{"line":4,"column":461}},"type":"binary-expr","locations":[{"start":{"line":4,"column":405},"end":{"line":4,"column":409}},{"start":{"line":4,"column":412},"end":{"line":4,"column":434}},{"start":{"line":4,"column":436},"end":{"line":4,"column":460}}],"line":4},"10":{"loc":{"start":{"line":4,"column":513},"end":{"line":4,"column":666}},"type":"if","locations":[{"start":{"line":4,"column":513},"end":{"line":4,"column":666}},{"start":{"line":4,"column":513},"end":{"line":4,"column":666}}],"line":4},"11":{"loc":{"start":{"line":4,"column":516},"end":{"line":4,"column":565}},"type":"binary-expr","locations":[{"start":{"line":4,"column":516},"end":{"line":4,"column":546}},{"start":{"line":4,"column":548},"end":{"line":4,"column":565}}],"line":4},"12":{"loc":{"start":{"line":4,"column":699},"end":{"line":4,"column":731}},"type":"binary-expr","locations":[{"start":{"line":4,"column":699},"end":{"line":4,"column":709}},{"start":{"line":4,"column":711},"end":{"line":4,"column":731}}],"line":4},"13":{"loc":{"start":{"line":4,"column":813},"end":{"line":4,"column":922}},"type":"if","locations":[{"start":{"line":4,"column":813},"end":{"line":4,"column":922}},{"start":{"line":4,"column":813},"end":{"line":4,"column":922}}],"line":4},"14":{"loc":{"start":{"line":4,"column":827},"end":{"line":4,"column":921}},"type":"cond-expr","locations":[{"start":{"line":4,"column":849},"end":{"line":4,"column":891}},{"start":{"line":4,"column":892},"end":{"line":4,"column":921}}],"line":4},"15":{"loc":{"start":{"line":6,"column":306},"end":{"line":6,"column":351}},"type":"binary-expr","locations":[{"start":{"line":6,"column":306},"end":{"line":6,"column":321}},{"start":{"line":6,"column":323},"end":{"line":6,"column":351}}],"line":6},"16":{"loc":{"start":{"line":7,"column":127},"end":{"line":42,"column":59}},"type":"switch","locations":[{"start":{"line":7,"column":163},"end":{"line":14,"column":30}},{"start":{"line":14,"column":30},"end":{"line":25,"column":21}},{"start":{"line":25,"column":21},"end":{"line":25,"column":122}},{"start":{"line":25,"column":122},"end":{"line":28,"column":59}},{"start":{"line":28,"column":59},"end":{"line":35,"column":17}},{"start":{"line":35,"column":17},"end":{"line":35,"column":48}},{"start":{"line":35,"column":48},"end":{"line":42,"column":17}},{"start":{"line":42,"column":17},"end":{"line":42,"column":25}},{"start":{"line":42,"column":25},"end":{"line":42,"column":58}}],"line":7},"17":{"loc":{"start":{"line":17,"column":19},"end":{"line":25,"column":14}},"type":"cond-expr","locations":[{"start":{"line":18,"column":10},"end":{"line":18,"column":11}},{"start":{"line":18,"column":12},"end":{"line":25,"column":14}}],"line":17},"18":{"loc":{"start":{"line":18,"column":12},"end":{"line":25,"column":14}},"type":"cond-expr","locations":[{"start":{"line":25,"column":9},"end":{"line":25,"column":11}},{"start":{"line":25,"column":12},"end":{"line":25,"column":14}}],"line":18}},"s":{"0":0,"1":0,"2":0,"3":0,"4":0,"5":0,"6":0,"7":0,"8":0,"9":0,"10":0,"11":0,"12":0,"13":0,"14":0,"15":0,"16":0,"17":0,"18":0,"19":0,"20":0,"21":0,"22":0,"23":0,"24":0,"25":0,"26":0,"27":0,"28":0,"29":0,"30":0,"31":0,"32":0,"33":0,"34":0,"35":0,"36":0,"37":0,"38":0,"39":0,"40":0,"41":0,"42":0,"43":0,"44":0,"45":0,"46":0,"47":0,"48":0,"49":0,"50":0,"51":0,"52":0,"53":0,"54":0,"55":0,"56":0,"57":0,"58":0,"59":0,"60":0,"61":0,"62":0,"63":0,"64":0,"65":0,"66":0},"f":{"0":0,"1":0,"2":0,"3":0,"4":0,"5":0,"6":0,"7":0,"8":0,"9":0,"10":0,"11":0},"b":{"0":[0,0],"1":[0,0],"2":[0,0],"3":[0,0],"4":[0,0],"5":[0,0],"6":[0,0],"7":[0,0],"8":[0,0],"9":[0,0,0],"10":[0,0],"11":[0,0],"12":[0,0],"13":[0,0],"14":[0,0],"15":[0,0],"16":[0,0,0,0,0,0,0,0,0],"17":[0,0],"18":[0,0]}}
}
